<?xml version="1.0" encoding="utf-8"?><testsuites><testsuite name="pytest" errors="0" failures="0" skipped="0" tests="8" time="44.740" timestamp="2025-05-20T22:33:39.758337+00:00" hostname="pop-os"><testcase classname="tests.test_cost_delivery_integration" name="test_currency_converter_api[numbers0-7.48]" time="12.827" /><testcase classname="tests.test_cost_delivery_integration" name="test_postcode_validator_api[SW1A1AA-True]" time="1.407" /><testcase classname="tests.test_cost_delivery_integration" name="test_delivery_cost_calculator_flow[test_data0]" time="2.700" /><testcase classname="tests.test_cost_delivery_integration" name="test_delivery_cost_calculator_flow[test_data1]" time="2.499" /><testcase classname="tests.test_flask_app_integration" name="test_add_user" time="10.795" /><testcase classname="tests.test_flask_app_integration" name="test_get_user" time="1.254" /><testcase classname="tests.test_weather_integration" name="test_weather_data_collection" time="11.755" /><testcase classname="tests.test_weather_integration" name="test_weather_data_export" time="1.321" /></testsuite></testsuites>